<?xml version="1.0" encoding="UTF-8"?>
<testng-results ignored="0" total="1" passed="1" failed="0" skipped="0">
  <reporter-output>
  </reporter-output>
  <suite started-at="2021-09-02T14:02:37 EDT" name="Default suite" finished-at="2021-09-02T14:02:54 EDT" duration-ms="17232">
    <groups>
    </groups>
    <test started-at="2021-09-02T14:02:37 EDT" name="Default test" finished-at="2021-09-02T14:02:54 EDT" duration-ms="17232">
      <class name="demo.Test1">
        <test-method is-config="true" signature="setUp()[pri:0, instance:demo.Test1@433d61fb]" started-at="2021-09-02T14:02:37 EDT" name="setUp" finished-at="2021-09-02T14:02:43 EDT" duration-ms="6116" status="PASS">
          <reporter-output>
          </reporter-output>
        </test-method> <!-- setUp -->
        <test-method signature="testUntitledTestCase()[pri:0, instance:demo.Test1@433d61fb]" started-at="2021-09-02T14:02:43 EDT" name="testUntitledTestCase" finished-at="2021-09-02T14:02:54 EDT" duration-ms="10831" status="PASS">
          <reporter-output>
          </reporter-output>
        </test-method> <!-- testUntitledTestCase -->
        <test-method is-config="true" signature="tearDown()[pri:0, instance:demo.Test1@433d61fb]" started-at="2021-09-02T14:02:54 EDT" name="tearDown" finished-at="2021-09-02T14:02:54 EDT" duration-ms="201" status="PASS">
          <reporter-output>
          </reporter-output>
        </test-method> <!-- tearDown -->
      </class> <!-- demo.Test1 -->
    </test> <!-- Default test -->
  </suite> <!-- Default suite -->
</testng-results>
